<?xml version="1.0" encoding="UTF-8"?>
<!-- Generated by org.testng.reporters.JUnitReportReporter -->
<testsuite hostname="VD-AT-03" failures="0" tests="3" name="runner.TestRunner" time="151.896" errors="0" timestamp="2023-08-10T15:01:25 EET" skipped="0">
  <testcase classname="runner.TestRunner" name="runScenario" time="21.891"/>
  <testcase classname="runner.TestRunner" name="runScenario" time="73.629"/>
  <testcase classname="runner.TestRunner" name="runScenario" time="56.376"/>
</testsuite> <!-- runner.TestRunner -->
